
*** Running vivado
    with args -log OTTER_Wrapper.vdi -applog -m64 -product Vivado -messageDb vivado.pb -mode batch -source OTTER_Wrapper.tcl -notrace



****** Vivado v2020.2 (64-bit)
  **** SW Build 3064766 on Wed Nov 18 09:12:45 MST 2020
  **** IP Build 3064653 on Wed Nov 18 14:17:31 MST 2020
    ** Copyright 1986-2020 Xilinx, Inc. All Rights Reserved.

source OTTER_Wrapper.tcl -notrace
Command: link_design -top OTTER_Wrapper -part xc7a35tcpg236-1
Design is defaulting to srcset: sources_1
Design is defaulting to constrset: constrs_1
INFO: [Device 21-403] Loading part xc7a35tcpg236-1
Netlist sorting complete. Time (s): cpu = 00:00:00 ; elapsed = 00:00:00.035 . Memory (MB): peak = 1105.914 ; gain = 0.000
INFO: [Netlist 29-17] Analyzing 313 Unisim elements for replacement
INFO: [Netlist 29-28] Unisim Transformation completed in 0 CPU seconds
INFO: [Project 1-479] Netlist was created with Vivado 2020.2
INFO: [Project 1-570] Preparing netlist for logic optimization
Parsing XDC File [C:/Users/alexa/Desktop/Everything/School/CollegeYear3/Fall/CPE333/repo/cpe333-architecture/OTTER-multicyle-1-cycle-memory/risc-v-otter.srcs/constrs_1/Basys3_constraints-1.xdc]
Finished Parsing XDC File [C:/Users/alexa/Desktop/Everything/School/CollegeYear3/Fall/CPE333/repo/cpe333-architecture/OTTER-multicyle-1-cycle-memory/risc-v-otter.srcs/constrs_1/Basys3_constraints-1.xdc]
INFO: [Opt 31-138] Pushed 0 inverter(s) to 0 load pin(s).
Netlist sorting complete. Time (s): cpu = 00:00:00 ; elapsed = 00:00:00 . Memory (MB): peak = 1105.914 ; gain = 0.000
INFO: [Project 1-111] Unisim Transformation Summary:
  A total of 12 instances were transformed.
  RAM32M => RAM32M (RAMD32(x6), RAMS32(x2)): 12 instances

7 Infos, 0 Warnings, 0 Critical Warnings and 0 Errors encountered.
link_design completed successfully
link_design: Time (s): cpu = 00:00:06 ; elapsed = 00:00:08 . Memory (MB): peak = 1105.914 ; gain = 0.000
Command: opt_design
Attempting to get a license for feature 'Implementation' and/or device 'xc7a35t'
INFO: [Common 17-349] Got license for feature 'Implementation' and/or device 'xc7a35t'
Running DRC as a precondition to command opt_design

Starting DRC Task
INFO: [DRC 23-27] Running DRC with 2 threads
INFO: [Project 1-461] DRC finished with 0 Errors
INFO: [Project 1-462] Please refer to the DRC report (report_drc) for more information.

Time (s): cpu = 00:00:02 ; elapsed = 00:00:00.968 . Memory (MB): peak = 1105.914 ; gain = 0.000

Starting Cache Timing Information Task
INFO: [Timing 38-35] Done setting XDC timing constraints.
Ending Cache Timing Information Task | Checksum: 24dffaa81

Time (s): cpu = 00:00:06 ; elapsed = 00:00:07 . Memory (MB): peak = 1491.039 ; gain = 385.125

Starting Logic Optimization Task

Phase 1 Retarget
INFO: [Opt 31-138] Pushed 0 inverter(s) to 0 load pin(s).
INFO: [Opt 31-49] Retargeted 0 cell(s).
Phase 1 Retarget | Checksum: 1694030d3

Time (s): cpu = 00:00:00 ; elapsed = 00:00:00.115 . Memory (MB): peak = 1702.750 ; gain = 0.000
INFO: [Opt 31-389] Phase Retarget created 0 cells and removed 9 cells

Phase 2 Constant propagation
INFO: [Opt 31-138] Pushed 0 inverter(s) to 0 load pin(s).
Phase 2 Constant propagation | Checksum: 15903e7f3

Time (s): cpu = 00:00:00 ; elapsed = 00:00:00.136 . Memory (MB): peak = 1702.750 ; gain = 0.000
INFO: [Opt 31-389] Phase Constant propagation created 0 cells and removed 0 cells

Phase 3 Sweep
Phase 3 Sweep | Checksum: 1491aa730

Time (s): cpu = 00:00:00 ; elapsed = 00:00:00.187 . Memory (MB): peak = 1702.750 ; gain = 0.000
INFO: [Opt 31-389] Phase Sweep created 0 cells and removed 0 cells

Phase 4 BUFG optimization
Phase 4 BUFG optimization | Checksum: 1491aa730

Time (s): cpu = 00:00:01 ; elapsed = 00:00:00.246 . Memory (MB): peak = 1702.750 ; gain = 0.000
INFO: [Opt 31-662] Phase BUFG optimization created 0 cells of which 0 are BUFGs and removed 0 cells.

Phase 5 Shift Register Optimization
INFO: [Opt 31-1064] SRL Remap converted 0 SRLs to 0 registers and converted 0 registers of register chains to 0 SRLs
Phase 5 Shift Register Optimization | Checksum: 1491aa730

Time (s): cpu = 00:00:01 ; elapsed = 00:00:00.250 . Memory (MB): peak = 1702.750 ; gain = 0.000
INFO: [Opt 31-389] Phase Shift Register Optimization created 0 cells and removed 0 cells

Phase 6 Post Processing Netlist
Phase 6 Post Processing Netlist | Checksum: 1491aa730

Time (s): cpu = 00:00:01 ; elapsed = 00:00:00.258 . Memory (MB): peak = 1702.750 ; gain = 0.000
INFO: [Opt 31-389] Phase Post Processing Netlist created 0 cells and removed 0 cells
Opt_design Change Summary
=========================


-------------------------------------------------------------------------------------------------------------------------
|  Phase                        |  #Cells created  |  #Cells Removed  |  #Constrained objects preventing optimizations  |
-------------------------------------------------------------------------------------------------------------------------
|  Retarget                     |               0  |               9  |                                              0  |
|  Constant propagation         |               0  |               0  |                                              0  |
|  Sweep                        |               0  |               0  |                                              0  |
|  BUFG optimization            |               0  |               0  |                                              0  |
|  Shift Register Optimization  |               0  |               0  |                                              0  |
|  Post Processing Netlist      |               0  |               0  |                                              0  |
-------------------------------------------------------------------------------------------------------------------------



Starting Connectivity Check Task

Time (s): cpu = 00:00:00 ; elapsed = 00:00:00.005 . Memory (MB): peak = 1702.750 ; gain = 0.000
Ending Logic Optimization Task | Checksum: 1929f786d

Time (s): cpu = 00:00:01 ; elapsed = 00:00:00.307 . Memory (MB): peak = 1702.750 ; gain = 0.000

Starting Power Optimization Task
INFO: [Pwropt 34-132] Skipping clock gating for clocks with a period < 2.00 ns.
INFO: [Timing 38-35] Done setting XDC timing constraints.
Running Vector-less Activity Propagation...

Finished Running Vector-less Activity Propagation
INFO: [Pwropt 34-9] Applying IDT optimizations ...
INFO: [Pwropt 34-10] Applying ODC optimizations ...


Starting PowerOpt Patch Enables Task
INFO: [Pwropt 34-162] WRITE_MODE attribute of 0 BRAM(s) out of a total of 16 has been updated to save power. Run report_power_opt to get a complete listing of the BRAMs updated.
INFO: [Pwropt 34-201] Structural ODC has moved 0 WE to EN ports
Number of BRAM Ports augmented: 0 newly gated: 0 Total Ports: 32
Ending PowerOpt Patch Enables Task | Checksum: 1929f786d

Time (s): cpu = 00:00:00 ; elapsed = 00:00:00.059 . Memory (MB): peak = 1842.484 ; gain = 0.000
Ending Power Optimization Task | Checksum: 1929f786d

Time (s): cpu = 00:00:03 ; elapsed = 00:00:03 . Memory (MB): peak = 1842.484 ; gain = 139.734

Starting Final Cleanup Task
Ending Final Cleanup Task | Checksum: 1929f786d

Time (s): cpu = 00:00:00 ; elapsed = 00:00:00 . Memory (MB): peak = 1842.484 ; gain = 0.000

Starting Netlist Obfuscation Task
Netlist sorting complete. Time (s): cpu = 00:00:00 ; elapsed = 00:00:00.001 . Memory (MB): peak = 1842.484 ; gain = 0.000
Ending Netlist Obfuscation Task | Checksum: 1929f786d

Time (s): cpu = 00:00:00 ; elapsed = 00:00:00.001 . Memory (MB): peak = 1842.484 ; gain = 0.000
INFO: [Common 17-83] Releasing license: Implementation
29 Infos, 0 Warnings, 0 Critical Warnings and 0 Errors encountered.
opt_design completed successfully
opt_design: Time (s): cpu = 00:00:14 ; elapsed = 00:00:13 . Memory (MB): peak = 1842.484 ; gain = 736.570
INFO: [Timing 38-480] Writing timing data to binary archive.
Writing placer database...
Writing XDEF routing.
Writing XDEF routing logical nets.
Writing XDEF routing special nets.
Write XDEF Complete: Time (s): cpu = 00:00:01 ; elapsed = 00:00:00.027 . Memory (MB): peak = 1842.484 ; gain = 0.000
INFO: [Common 17-1381] The checkpoint 'C:/Users/alexa/Desktop/Everything/School/CollegeYear3/Fall/CPE333/repo/cpe333-architecture/OTTER-multicyle-1-cycle-memory/risc-v-otter.runs/impl_1/OTTER_Wrapper_opt.dcp' has been generated.
INFO: [runtcl-4] Executing : report_drc -file OTTER_Wrapper_drc_opted.rpt -pb OTTER_Wrapper_drc_opted.pb -rpx OTTER_Wrapper_drc_opted.rpx
Command: report_drc -file OTTER_Wrapper_drc_opted.rpt -pb OTTER_Wrapper_drc_opted.pb -rpx OTTER_Wrapper_drc_opted.rpx
INFO: [IP_Flow 19-234] Refreshing IP repositories
INFO: [IP_Flow 19-1704] No user IP repositories specified
INFO: [IP_Flow 19-2313] Loaded Vivado IP repository 'C:/Xilinx/Vivado/2020.2/data/ip'.
INFO: [Timing 38-35] Done setting XDC timing constraints.
INFO: [DRC 23-27] Running DRC with 2 threads
INFO: [Coretcl 2-168] The results of DRC are in file C:/Users/alexa/Desktop/Everything/School/CollegeYear3/Fall/CPE333/repo/cpe333-architecture/OTTER-multicyle-1-cycle-memory/risc-v-otter.runs/impl_1/OTTER_Wrapper_drc_opted.rpt.
report_drc completed successfully
Command: place_design
Attempting to get a license for feature 'Implementation' and/or device 'xc7a35t'
INFO: [Common 17-349] Got license for feature 'Implementation' and/or device 'xc7a35t'
INFO: [DRC 23-27] Running DRC with 2 threads
INFO: [Vivado_Tcl 4-198] DRC finished with 0 Errors
INFO: [Vivado_Tcl 4-199] Please refer to the DRC report (report_drc) for more information.
Running DRC as a precondition to command place_design
INFO: [DRC 23-27] Running DRC with 2 threads
INFO: [Vivado_Tcl 4-198] DRC finished with 0 Errors
INFO: [Vivado_Tcl 4-199] Please refer to the DRC report (report_drc) for more information.

Starting Placer Task
INFO: [Place 30-611] Multithreading enabled for place_design using a maximum of 2 CPUs

Phase 1 Placer Initialization

Phase 1.1 Placer Initialization Netlist Sorting
Netlist sorting complete. Time (s): cpu = 00:00:00 ; elapsed = 00:00:00.001 . Memory (MB): peak = 1842.484 ; gain = 0.000
Phase 1.1 Placer Initialization Netlist Sorting | Checksum: 12e14541f

Time (s): cpu = 00:00:00 ; elapsed = 00:00:00.010 . Memory (MB): peak = 1842.484 ; gain = 0.000
Netlist sorting complete. Time (s): cpu = 00:00:00 ; elapsed = 00:00:00 . Memory (MB): peak = 1842.484 ; gain = 0.000

Phase 1.2 IO Placement/ Clock Placement/ Build Placer Device
Phase 1.2 IO Placement/ Clock Placement/ Build Placer Device | Checksum: 669f7729

Time (s): cpu = 00:00:01 ; elapsed = 00:00:00.450 . Memory (MB): peak = 1842.484 ; gain = 0.000

Phase 1.3 Build Placer Netlist Model
Phase 1.3 Build Placer Netlist Model | Checksum: 11d6eb448

Time (s): cpu = 00:00:02 ; elapsed = 00:00:00.992 . Memory (MB): peak = 1842.484 ; gain = 0.000

Phase 1.4 Constrain Clocks/Macros
Phase 1.4 Constrain Clocks/Macros | Checksum: 11d6eb448

Time (s): cpu = 00:00:02 ; elapsed = 00:00:00.998 . Memory (MB): peak = 1842.484 ; gain = 0.000
Phase 1 Placer Initialization | Checksum: 11d6eb448

Time (s): cpu = 00:00:02 ; elapsed = 00:00:01 . Memory (MB): peak = 1842.484 ; gain = 0.000

Phase 2 Global Placement

Phase 2.1 Floorplanning
Phase 2.1 Floorplanning | Checksum: 145158d09

Time (s): cpu = 00:00:02 ; elapsed = 00:00:01 . Memory (MB): peak = 1842.484 ; gain = 0.000

Phase 2.2 Update Timing before SLR Path Opt
Phase 2.2 Update Timing before SLR Path Opt | Checksum: 14c5aac1d

Time (s): cpu = 00:00:02 ; elapsed = 00:00:01 . Memory (MB): peak = 1842.484 ; gain = 0.000

Phase 2.3 Global Placement Core

Phase 2.3.1 Physical Synthesis In Placer
INFO: [Physopt 32-1035] Found 0 LUTNM shape to break, 70 LUT instances to create LUTNM shape
INFO: [Physopt 32-1044] Break lutnm for timing: one critical 0, two critical 0, total 0, new lutff created 0
INFO: [Physopt 32-775] End 1 Pass. Optimized 27 nets or cells. Created 0 new cell, deleted 27 existing cells and moved 0 existing cell
INFO: [Physopt 32-65] No nets found for high-fanout optimization.
INFO: [Physopt 32-232] Optimized 0 net. Created 0 new instance.
INFO: [Physopt 32-775] End 1 Pass. Optimized 0 net or cell. Created 0 new cell, deleted 0 existing cell and moved 0 existing cell
INFO: [Physopt 32-670] No setup violation found.  DSP Register Optimization was not performed.
INFO: [Physopt 32-670] No setup violation found.  Shift Register to Pipeline Optimization was not performed.
INFO: [Physopt 32-670] No setup violation found.  Shift Register Optimization was not performed.
INFO: [Physopt 32-670] No setup violation found.  BRAM Register Optimization was not performed.
INFO: [Physopt 32-670] No setup violation found.  URAM Register Optimization was not performed.
INFO: [Physopt 32-949] No candidate nets found for dynamic/static region interface net replication
INFO: [Physopt 32-775] End 1 Pass. Optimized 0 net or cell. Created 0 new cell, deleted 0 existing cell and moved 0 existing cell
Netlist sorting complete. Time (s): cpu = 00:00:00 ; elapsed = 00:00:00 . Memory (MB): peak = 1842.484 ; gain = 0.000

Summary of Physical Synthesis Optimizations
============================================


-----------------------------------------------------------------------------------------------------------------------------------------------------------
|  Optimization                                     |  Added Cells  |  Removed Cells  |  Optimized Cells/Nets  |  Dont Touch  |  Iterations  |  Elapsed   |
-----------------------------------------------------------------------------------------------------------------------------------------------------------
|  LUT Combining                                    |            0  |             27  |                    27  |           0  |           1  |  00:00:00  |
|  Very High Fanout                                 |            0  |              0  |                     0  |           0  |           1  |  00:00:00  |
|  DSP Register                                     |            0  |              0  |                     0  |           0  |           0  |  00:00:00  |
|  Shift Register to Pipeline                       |            0  |              0  |                     0  |           0  |           0  |  00:00:00  |
|  Shift Register                                   |            0  |              0  |                     0  |           0  |           0  |  00:00:00  |
|  BRAM Register                                    |            0  |              0  |                     0  |           0  |           0  |  00:00:00  |
|  URAM Register                                    |            0  |              0  |                     0  |           0  |           0  |  00:00:00  |
|  Dynamic/Static Region Interface Net Replication  |            0  |              0  |                     0  |           0  |           1  |  00:00:00  |
|  Total                                            |            0  |             27  |                    27  |           0  |           3  |  00:00:00  |
-----------------------------------------------------------------------------------------------------------------------------------------------------------


Phase 2.3.1 Physical Synthesis In Placer | Checksum: 197f59f71

Time (s): cpu = 00:00:06 ; elapsed = 00:00:03 . Memory (MB): peak = 1842.484 ; gain = 0.000
Phase 2.3 Global Placement Core | Checksum: 1d37608f2

Time (s): cpu = 00:00:06 ; elapsed = 00:00:03 . Memory (MB): peak = 1842.484 ; gain = 0.000
Phase 2 Global Placement | Checksum: 1d37608f2

Time (s): cpu = 00:00:06 ; elapsed = 00:00:03 . Memory (MB): peak = 1842.484 ; gain = 0.000

Phase 3 Detail Placement

Phase 3.1 Commit Multi Column Macros
Phase 3.1 Commit Multi Column Macros | Checksum: 1621cd508

Time (s): cpu = 00:00:06 ; elapsed = 00:00:03 . Memory (MB): peak = 1842.484 ; gain = 0.000

Phase 3.2 Commit Most Macros & LUTRAMs
Phase 3.2 Commit Most Macros & LUTRAMs | Checksum: dcbfc21c

Time (s): cpu = 00:00:06 ; elapsed = 00:00:03 . Memory (MB): peak = 1842.484 ; gain = 0.000

Phase 3.3 Area Swap Optimization
Phase 3.3 Area Swap Optimization | Checksum: dfc18153

Time (s): cpu = 00:00:06 ; elapsed = 00:00:03 . Memory (MB): peak = 1842.484 ; gain = 0.000

Phase 3.4 Pipeline Register Optimization
Phase 3.4 Pipeline Register Optimization | Checksum: 176bf0fe2

Time (s): cpu = 00:00:06 ; elapsed = 00:00:03 . Memory (MB): peak = 1842.484 ; gain = 0.000

Phase 3.5 Small Shape Detail Placement
Phase 3.5 Small Shape Detail Placement | Checksum: 14433b912

Time (s): cpu = 00:00:06 ; elapsed = 00:00:04 . Memory (MB): peak = 1842.484 ; gain = 0.000

Phase 3.6 Re-assign LUT pins
Phase 3.6 Re-assign LUT pins | Checksum: 17c5a5258

Time (s): cpu = 00:00:07 ; elapsed = 00:00:04 . Memory (MB): peak = 1842.484 ; gain = 0.000

Phase 3.7 Pipeline Register Optimization
Phase 3.7 Pipeline Register Optimization | Checksum: 20b5dc383

Time (s): cpu = 00:00:07 ; elapsed = 00:00:04 . Memory (MB): peak = 1842.484 ; gain = 0.000
Phase 3 Detail Placement | Checksum: 20b5dc383

Time (s): cpu = 00:00:07 ; elapsed = 00:00:04 . Memory (MB): peak = 1842.484 ; gain = 0.000

Phase 4 Post Placement Optimization and Clean-Up

Phase 4.1 Post Commit Optimization
INFO: [Timing 38-35] Done setting XDC timing constraints.

Phase 4.1.1 Post Placement Optimization
Post Placement Optimization Initialization | Checksum: 176cde4eb

Phase 4.1.1.1 BUFG Insertion

Starting Physical Synthesis Task

Phase 1 Physical Synthesis Initialization
INFO: [Physopt 32-721] Multithreading enabled for phys_opt_design using a maximum of 2 CPUs
INFO: [Physopt 32-619] Estimated Timing Summary | WNS=4.376 | TNS=0.000 |
Phase 1 Physical Synthesis Initialization | Checksum: 13bff85cb

Time (s): cpu = 00:00:00 ; elapsed = 00:00:00.037 . Memory (MB): peak = 1842.484 ; gain = 0.000
INFO: [Place 46-56] BUFG insertion identified 0 candidate nets. Inserted BUFG: 0, Replicated BUFG Driver: 0, Skipped due to Placement/Routing Conflicts: 0, Skipped due to Timing Degradation: 0, Skipped due to Illegal Netlist: 0.
Ending Physical Synthesis Task | Checksum: 17d318cf8

Time (s): cpu = 00:00:00 ; elapsed = 00:00:00.044 . Memory (MB): peak = 1842.484 ; gain = 0.000
Phase 4.1.1.1 BUFG Insertion | Checksum: 176cde4eb

Time (s): cpu = 00:00:07 ; elapsed = 00:00:05 . Memory (MB): peak = 1842.484 ; gain = 0.000
INFO: [Place 30-746] Post Placement Timing Summary WNS=4.376. For the most accurate timing information please run report_timing.

Time (s): cpu = 00:00:07 ; elapsed = 00:00:05 . Memory (MB): peak = 1842.484 ; gain = 0.000
Phase 4.1 Post Commit Optimization | Checksum: 1b7041afd

Time (s): cpu = 00:00:07 ; elapsed = 00:00:05 . Memory (MB): peak = 1842.484 ; gain = 0.000

Phase 4.2 Post Placement Cleanup
Phase 4.2 Post Placement Cleanup | Checksum: 1b7041afd

Time (s): cpu = 00:00:07 ; elapsed = 00:00:05 . Memory (MB): peak = 1842.484 ; gain = 0.000

Phase 4.3 Placer Reporting

Phase 4.3.1 Print Estimated Congestion
INFO: [Place 30-612] Post-Placement Estimated Congestion 
 ____________________________________________________
|           | Global Congestion | Short Congestion  |
| Direction | Region Size       | Region Size       |
|___________|___________________|___________________|
|      North|                2x2|                4x4|
|___________|___________________|___________________|
|      South|                2x2|                2x2|
|___________|___________________|___________________|
|       East|                1x1|                1x1|
|___________|___________________|___________________|
|       West|                1x1|                1x1|
|___________|___________________|___________________|

Phase 4.3.1 Print Estimated Congestion | Checksum: 1b7041afd

Time (s): cpu = 00:00:07 ; elapsed = 00:00:05 . Memory (MB): peak = 1842.484 ; gain = 0.000
Phase 4.3 Placer Reporting | Checksum: 1b7041afd

Time (s): cpu = 00:00:07 ; elapsed = 00:00:05 . Memory (MB): peak = 1842.484 ; gain = 0.000

Phase 4.4 Final Placement Cleanup
Netlist sorting complete. Time (s): cpu = 00:00:00 ; elapsed = 00:00:00 . Memory (MB): peak = 1842.484 ; gain = 0.000

Time (s): cpu = 00:00:07 ; elapsed = 00:00:05 . Memory (MB): peak = 1842.484 ; gain = 0.000
Phase 4 Post Placement Optimization and Clean-Up | Checksum: 1fa4953ab

Time (s): cpu = 00:00:07 ; elapsed = 00:00:05 . Memory (MB): peak = 1842.484 ; gain = 0.000
Ending Placer Task | Checksum: 15beba158

Time (s): cpu = 00:00:07 ; elapsed = 00:00:05 . Memory (MB): peak = 1842.484 ; gain = 0.000
INFO: [Common 17-83] Releasing license: Implementation
66 Infos, 0 Warnings, 0 Critical Warnings and 0 Errors encountered.
place_design completed successfully
place_design: Time (s): cpu = 00:00:08 ; elapsed = 00:00:06 . Memory (MB): peak = 1842.484 ; gain = 0.000
INFO: [Timing 38-480] Writing timing data to binary archive.
Writing placer database...
Writing XDEF routing.
Writing XDEF routing logical nets.
Writing XDEF routing special nets.
Write XDEF Complete: Time (s): cpu = 00:00:01 ; elapsed = 00:00:00.182 . Memory (MB): peak = 1842.484 ; gain = 0.000
INFO: [Common 17-1381] The checkpoint 'C:/Users/alexa/Desktop/Everything/School/CollegeYear3/Fall/CPE333/repo/cpe333-architecture/OTTER-multicyle-1-cycle-memory/risc-v-otter.runs/impl_1/OTTER_Wrapper_placed.dcp' has been generated.
INFO: [runtcl-4] Executing : report_io -file OTTER_Wrapper_io_placed.rpt
report_io: Time (s): cpu = 00:00:00 ; elapsed = 00:00:00.039 . Memory (MB): peak = 1842.484 ; gain = 0.000
INFO: [runtcl-4] Executing : report_utilization -file OTTER_Wrapper_utilization_placed.rpt -pb OTTER_Wrapper_utilization_placed.pb
INFO: [runtcl-4] Executing : report_control_sets -verbose -file OTTER_Wrapper_control_sets_placed.rpt
report_control_sets: Time (s): cpu = 00:00:00 ; elapsed = 00:00:00.004 . Memory (MB): peak = 1842.484 ; gain = 0.000
Command: phys_opt_design
Attempting to get a license for feature 'Implementation' and/or device 'xc7a35t'
INFO: [Common 17-349] Got license for feature 'Implementation' and/or device 'xc7a35t'
INFO: [Vivado_Tcl 4-383] Design worst setup slack (WNS) is greater than or equal to 0.000 ns. Skipping all physical synthesis optimizations.
INFO: [Vivado_Tcl 4-232] No setup violation found. The netlist was not modified.
INFO: [Common 17-83] Releasing license: Implementation
75 Infos, 0 Warnings, 0 Critical Warnings and 0 Errors encountered.
phys_opt_design completed successfully
INFO: [Timing 38-480] Writing timing data to binary archive.
Writing placer database...
Writing XDEF routing.
Writing XDEF routing logical nets.
Writing XDEF routing special nets.
Write XDEF Complete: Time (s): cpu = 00:00:00 ; elapsed = 00:00:00.184 . Memory (MB): peak = 1842.484 ; gain = 0.000
INFO: [Common 17-1381] The checkpoint 'C:/Users/alexa/Desktop/Everything/School/CollegeYear3/Fall/CPE333/repo/cpe333-architecture/OTTER-multicyle-1-cycle-memory/risc-v-otter.runs/impl_1/OTTER_Wrapper_physopt.dcp' has been generated.
Command: route_design
Attempting to get a license for feature 'Implementation' and/or device 'xc7a35t'
INFO: [Common 17-349] Got license for feature 'Implementation' and/or device 'xc7a35t'
Running DRC as a precondition to command route_design
INFO: [DRC 23-27] Running DRC with 2 threads
INFO: [Vivado_Tcl 4-198] DRC finished with 0 Errors
INFO: [Vivado_Tcl 4-199] Please refer to the DRC report (report_drc) for more information.


Starting Routing Task
INFO: [Route 35-254] Multithreading enabled for route_design using a maximum of 2 CPUs
Checksum: PlaceDB: 9f59836e ConstDB: 0 ShapeSum: bc921dea RouteDB: 0

Phase 1 Build RT Design
Phase 1 Build RT Design | Checksum: e9aae18f

Time (s): cpu = 00:00:16 ; elapsed = 00:00:14 . Memory (MB): peak = 1866.914 ; gain = 24.430
Post Restoration Checksum: NetGraph: 5422788b NumContArr: 95886904 Constraints: 0 Timing: 0

Phase 2 Router Initialization

Phase 2.1 Create Timer
Phase 2.1 Create Timer | Checksum: e9aae18f

Time (s): cpu = 00:00:16 ; elapsed = 00:00:14 . Memory (MB): peak = 1866.914 ; gain = 24.430

Phase 2.2 Fix Topology Constraints
Phase 2.2 Fix Topology Constraints | Checksum: e9aae18f

Time (s): cpu = 00:00:16 ; elapsed = 00:00:14 . Memory (MB): peak = 1872.953 ; gain = 30.469

Phase 2.3 Pre Route Cleanup
Phase 2.3 Pre Route Cleanup | Checksum: e9aae18f

Time (s): cpu = 00:00:16 ; elapsed = 00:00:14 . Memory (MB): peak = 1872.953 ; gain = 30.469
 Number of Nodes with overlaps = 0

Phase 2.4 Update Timing
Phase 2.4 Update Timing | Checksum: 1e0342019

Time (s): cpu = 00:00:17 ; elapsed = 00:00:14 . Memory (MB): peak = 1880.168 ; gain = 37.684
INFO: [Route 35-416] Intermediate Timing Summary | WNS=4.363  | TNS=0.000  | WHS=-0.065 | THS=-0.065 |

Phase 2 Router Initialization | Checksum: 274efcb04

Time (s): cpu = 00:00:17 ; elapsed = 00:00:15 . Memory (MB): peak = 1890.168 ; gain = 47.684

Router Utilization Summary
  Global Vertical Routing Utilization    = 0.00159451 %
  Global Horizontal Routing Utilization  = 0.00143155 %
  Routable Net Status*
  *Does not include unroutable nets such as driverless and loadless.
  Run report_route_status for detailed report.
  Number of Failed Nets               = 3008
    (Failed Nets is the sum of unrouted and partially routed nets)
  Number of Unrouted Nets             = 3005
  Number of Partially Routed Nets     = 3
  Number of Node Overlaps             = 0


Phase 3 Initial Routing

Phase 3.1 Global Routing
Phase 3.1 Global Routing | Checksum: 274efcb04

Time (s): cpu = 00:00:17 ; elapsed = 00:00:15 . Memory (MB): peak = 1890.965 ; gain = 48.480
Phase 3 Initial Routing | Checksum: 1ccbc075d

Time (s): cpu = 00:00:18 ; elapsed = 00:00:15 . Memory (MB): peak = 1891.652 ; gain = 49.168

Phase 4 Rip-up And Reroute

Phase 4.1 Global Iteration 0
 Number of Nodes with overlaps = 288
 Number of Nodes with overlaps = 0
INFO: [Route 35-416] Intermediate Timing Summary | WNS=3.946  | TNS=0.000  | WHS=N/A    | THS=N/A    |

Phase 4.1 Global Iteration 0 | Checksum: 2265082ba

Time (s): cpu = 00:00:19 ; elapsed = 00:00:16 . Memory (MB): peak = 1891.652 ; gain = 49.168
Phase 4 Rip-up And Reroute | Checksum: 2265082ba

Time (s): cpu = 00:00:19 ; elapsed = 00:00:16 . Memory (MB): peak = 1891.652 ; gain = 49.168

Phase 5 Delay and Skew Optimization

Phase 5.1 Delay CleanUp
Phase 5.1 Delay CleanUp | Checksum: 2265082ba

Time (s): cpu = 00:00:19 ; elapsed = 00:00:16 . Memory (MB): peak = 1891.652 ; gain = 49.168

Phase 5.2 Clock Skew Optimization
Phase 5.2 Clock Skew Optimization | Checksum: 2265082ba

Time (s): cpu = 00:00:19 ; elapsed = 00:00:16 . Memory (MB): peak = 1891.652 ; gain = 49.168
Phase 5 Delay and Skew Optimization | Checksum: 2265082ba

Time (s): cpu = 00:00:19 ; elapsed = 00:00:16 . Memory (MB): peak = 1891.652 ; gain = 49.168

Phase 6 Post Hold Fix

Phase 6.1 Hold Fix Iter

Phase 6.1.1 Update Timing
Phase 6.1.1 Update Timing | Checksum: 1d4553558

Time (s): cpu = 00:00:20 ; elapsed = 00:00:16 . Memory (MB): peak = 1891.652 ; gain = 49.168
INFO: [Route 35-416] Intermediate Timing Summary | WNS=4.040  | TNS=0.000  | WHS=0.251  | THS=0.000  |

Phase 6.1 Hold Fix Iter | Checksum: 1d4553558

Time (s): cpu = 00:00:20 ; elapsed = 00:00:16 . Memory (MB): peak = 1891.652 ; gain = 49.168
Phase 6 Post Hold Fix | Checksum: 1d4553558

Time (s): cpu = 00:00:20 ; elapsed = 00:00:16 . Memory (MB): peak = 1891.652 ; gain = 49.168

Phase 7 Route finalize

Router Utilization Summary
  Global Vertical Routing Utilization    = 1.69569 %
  Global Horizontal Routing Utilization  = 2.03982 %
  Routable Net Status*
  *Does not include unroutable nets such as driverless and loadless.
  Run report_route_status for detailed report.
  Number of Failed Nets               = 0
    (Failed Nets is the sum of unrouted and partially routed nets)
  Number of Unrouted Nets             = 0
  Number of Partially Routed Nets     = 0
  Number of Node Overlaps             = 0

Phase 7 Route finalize | Checksum: 1d4553558

Time (s): cpu = 00:00:20 ; elapsed = 00:00:16 . Memory (MB): peak = 1891.652 ; gain = 49.168

Phase 8 Verifying routed nets

 Verification completed successfully
Phase 8 Verifying routed nets | Checksum: 1d4553558

Time (s): cpu = 00:00:20 ; elapsed = 00:00:16 . Memory (MB): peak = 1891.652 ; gain = 49.168

Phase 9 Depositing Routes
Phase 9 Depositing Routes | Checksum: 16c4036db

Time (s): cpu = 00:00:20 ; elapsed = 00:00:16 . Memory (MB): peak = 1891.652 ; gain = 49.168

Phase 10 Post Router Timing
INFO: [Route 35-57] Estimated Timing Summary | WNS=4.040  | TNS=0.000  | WHS=0.251  | THS=0.000  |

INFO: [Route 35-327] The final timing numbers are based on the router estimated timing analysis. For a complete and accurate timing signoff, please run report_timing_summary.
Phase 10 Post Router Timing | Checksum: 16c4036db

Time (s): cpu = 00:00:20 ; elapsed = 00:00:16 . Memory (MB): peak = 1891.652 ; gain = 49.168
INFO: [Route 35-16] Router Completed Successfully

Time (s): cpu = 00:00:20 ; elapsed = 00:00:16 . Memory (MB): peak = 1891.652 ; gain = 49.168

Routing Is Done.
INFO: [Common 17-83] Releasing license: Implementation
89 Infos, 0 Warnings, 0 Critical Warnings and 0 Errors encountered.
route_design completed successfully
route_design: Time (s): cpu = 00:00:22 ; elapsed = 00:00:18 . Memory (MB): peak = 1891.652 ; gain = 49.168
INFO: [Timing 38-480] Writing timing data to binary archive.
Writing placer database...
Writing XDEF routing.
Writing XDEF routing logical nets.
Writing XDEF routing special nets.
Write XDEF Complete: Time (s): cpu = 00:00:01 ; elapsed = 00:00:00.255 . Memory (MB): peak = 1901.484 ; gain = 9.832
INFO: [Common 17-1381] The checkpoint 'C:/Users/alexa/Desktop/Everything/School/CollegeYear3/Fall/CPE333/repo/cpe333-architecture/OTTER-multicyle-1-cycle-memory/risc-v-otter.runs/impl_1/OTTER_Wrapper_routed.dcp' has been generated.
INFO: [runtcl-4] Executing : report_drc -file OTTER_Wrapper_drc_routed.rpt -pb OTTER_Wrapper_drc_routed.pb -rpx OTTER_Wrapper_drc_routed.rpx
Command: report_drc -file OTTER_Wrapper_drc_routed.rpt -pb OTTER_Wrapper_drc_routed.pb -rpx OTTER_Wrapper_drc_routed.rpx
INFO: [IP_Flow 19-1839] IP Catalog is up to date.
INFO: [DRC 23-27] Running DRC with 2 threads
INFO: [Coretcl 2-168] The results of DRC are in file C:/Users/alexa/Desktop/Everything/School/CollegeYear3/Fall/CPE333/repo/cpe333-architecture/OTTER-multicyle-1-cycle-memory/risc-v-otter.runs/impl_1/OTTER_Wrapper_drc_routed.rpt.
report_drc completed successfully
INFO: [runtcl-4] Executing : report_methodology -file OTTER_Wrapper_methodology_drc_routed.rpt -pb OTTER_Wrapper_methodology_drc_routed.pb -rpx OTTER_Wrapper_methodology_drc_routed.rpx
Command: report_methodology -file OTTER_Wrapper_methodology_drc_routed.rpt -pb OTTER_Wrapper_methodology_drc_routed.pb -rpx OTTER_Wrapper_methodology_drc_routed.rpx
INFO: [Timing 38-35] Done setting XDC timing constraints.
INFO: [DRC 23-133] Running Methodology with 2 threads
INFO: [Coretcl 2-1520] The results of Report Methodology are in file C:/Users/alexa/Desktop/Everything/School/CollegeYear3/Fall/CPE333/repo/cpe333-architecture/OTTER-multicyle-1-cycle-memory/risc-v-otter.runs/impl_1/OTTER_Wrapper_methodology_drc_routed.rpt.
report_methodology completed successfully
INFO: [runtcl-4] Executing : report_power -file OTTER_Wrapper_power_routed.rpt -pb OTTER_Wrapper_power_summary_routed.pb -rpx OTTER_Wrapper_power_routed.rpx
Command: report_power -file OTTER_Wrapper_power_routed.rpt -pb OTTER_Wrapper_power_summary_routed.pb -rpx OTTER_Wrapper_power_routed.rpx
INFO: [Timing 38-35] Done setting XDC timing constraints.
Running Vector-less Activity Propagation...

Finished Running Vector-less Activity Propagation
101 Infos, 0 Warnings, 0 Critical Warnings and 0 Errors encountered.
report_power completed successfully
INFO: [runtcl-4] Executing : report_route_status -file OTTER_Wrapper_route_status.rpt -pb OTTER_Wrapper_route_status.pb
INFO: [runtcl-4] Executing : report_timing_summary -max_paths 10 -file OTTER_Wrapper_timing_summary_routed.rpt -pb OTTER_Wrapper_timing_summary_routed.pb -rpx OTTER_Wrapper_timing_summary_routed.rpx -warn_on_violation 
INFO: [Timing 38-91] UpdateTimingParams: Speed grade: -1, Delay Type: min_max.
INFO: [Timing 38-191] Multithreading enabled for timing update using a maximum of 2 CPUs
INFO: [runtcl-4] Executing : report_incremental_reuse -file OTTER_Wrapper_incremental_reuse_routed.rpt
INFO: [Vivado_Tcl 4-1062] Incremental flow is disabled. No incremental reuse Info to report.
INFO: [runtcl-4] Executing : report_clock_utilization -file OTTER_Wrapper_clock_utilization_routed.rpt
INFO: [runtcl-4] Executing : report_bus_skew -warn_on_violation -file OTTER_Wrapper_bus_skew_routed.rpt -pb OTTER_Wrapper_bus_skew_routed.pb -rpx OTTER_Wrapper_bus_skew_routed.rpx
INFO: [Timing 38-91] UpdateTimingParams: Speed grade: -1, Delay Type: min_max.
INFO: [Timing 38-191] Multithreading enabled for timing update using a maximum of 2 CPUs
INFO: [Common 17-206] Exiting Vivado at Tue Oct  3 20:55:28 2023...
